<?xml version="1.0" encoding="UTF-8"?>
<!-- Generated by org.testng.reporters.JUnitReportReporter -->
<testsuite ignored="0" hostname="MacBook-Pro-de-ALVARO.local" failures="0" tests="1" name="CoolTesters.Selenium.AppTest" time="0.036" errors="0" timestamp="18 sep. 2020 03:06:29 GMT" skipped="0">
  <testcase classname="CoolTesters.Selenium.AppTest" name="shouldAnswerWithTrue" time="0.036"/>
</testsuite> <!-- CoolTesters.Selenium.AppTest -->
