<?xml version="1.0" encoding="UTF-8"?>
<!-- Generated by org.testng.reporters.JUnitReportReporter -->
<testsuite ignored="0" hostname="MacBook-Pro-de-ALVARO.local" failures="0" tests="1" name="CoolTesters.Selenium.AppTest" time="0.039" errors="0" timestamp="12 sep. 2020 14:09:05 GMT" skipped="0">
  <testcase classname="CoolTesters.Selenium.AppTest" name="shouldAnswerWithTrue" time="0.039"/>
</testsuite> <!-- CoolTesters.Selenium.AppTest -->
